<?xml version="1.0" encoding="UTF-8"?>
<testsuite xmlns:xsi="http://www.w3.org/2001/XMLSchema-instance" xsi:noNamespaceSchemaLocation="https://maven.apache.org/surefire/maven-surefire-plugin/xsd/surefire-test-report.xsd" version="3.0.2" name="com.isluel.toy.seat.reserve.repository.ReservedRepositoryTest" time="2.073" tests="1" errors="0" skipped="0" failures="0">
  <properties>
[...]
</properties>
  <testcase name="findAllByUsername" classname="com.isluel.toy.seat.reserve.repository.ReservedRepositoryTest" time="0.263">
    <system-out><![CDATA[2025-04-03T13:59:59.322+09:00  INFO 4084 --- [seat] [           main] t.c.s.AnnotationConfigContextLoaderUtils : Could not detect default configuration classes for test class [com.isluel.toy.seat.reserve.repository.ReservedRepositoryTest]: ReservedRepositoryTest does not declare any static, non-private, non-final, nested classes annotated with @Configuration.
2025-04-03T13:59:59.354+09:00  INFO 4084 --- [seat] [           main] .b.t.c.SpringBootTestContextBootstrapper : Found @SpringBootConfiguration com.isluel.toy.seat.SeatApplication for test class com.isluel.toy.seat.reserve.repository.ReservedRepositoryTest
2025-04-03T13:59:59.354+09:00  INFO 4084 --- [seat] [           main] o.s.b.d.r.RestartApplicationListener     : Restart disabled due to context in which it is running

  .   ____          _            __ _ _
 /\\ / ___'_ __ _ _(_)_ __  __ _ \ \ \ \
( ( )\___ | '_ | '_| | '_ \/ _` | \ \ \ \
 \\/  ___)| |_)| | | | | || (_| |  ) ) ) )
  '  |____| .__|_| |_|_| |_\__, | / / / /
 =========|_|==============|___/=/_/_/_/

 :: Spring Boot ::                (v3.4.2)

2025-04-03T13:59:59.385+09:00  INFO 4084 --- [seat] [           main] c.i.t.s.r.r.ReservedRepositoryTest       : Starting ReservedRepositoryTest using Java 21.0.2 with PID 4084 (started by isluel in G:\Study\SeatReserve\src\seat)
2025-04-03T13:59:59.385+09:00  INFO 4084 --- [seat] [           main] c.i.t.s.r.r.ReservedRepositoryTest       : The following 1 profile is active: "test"
2025-04-03T13:59:59.553+09:00  INFO 4084 --- [seat] [           main] .s.d.r.c.RepositoryConfigurationDelegate : Multiple Spring Data modules found, entering strict repository configuration mode
2025-04-03T13:59:59.566+09:00  INFO 4084 --- [seat] [           main] .s.d.r.c.RepositoryConfigurationDelegate : Bootstrapping Spring Data JPA repositories in DEFAULT mode.
2025-04-03T13:59:59.617+09:00  INFO 4084 --- [seat] [           main] .s.d.r.c.RepositoryConfigurationDelegate : Finished Spring Data repository scanning in 43 ms. Found 4 JPA repository interfaces.
2025-04-03T13:59:59.648+09:00  INFO 4084 --- [seat] [           main] beddedDataSourceBeanFactoryPostProcessor : Replacing 'dataSource' DataSource bean with embedded version
2025-04-03T13:59:59.696+09:00  INFO 4084 --- [seat] [           main] o.s.j.d.e.EmbeddedDatabaseFactory        : Starting embedded database: url='jdbc:h2:mem:6b773119-3b5d-4bbe-803f-b1ceeef1528a;DB_CLOSE_DELAY=-1;DB_CLOSE_ON_EXIT=false', username='sa'
2025-04-03T14:00:00.024+09:00  INFO 4084 --- [seat] [           main] o.hibernate.jpa.internal.util.LogHelper  : HHH000204: Processing PersistenceUnitInfo [name: default]
2025-04-03T14:00:00.089+09:00  INFO 4084 --- [seat] [           main] org.hibernate.Version                    : HHH000412: Hibernate ORM core version 6.6.5.Final
2025-04-03T14:00:00.101+09:00  INFO 4084 --- [seat] [           main] o.h.c.internal.RegionFactoryInitiator    : HHH000026: Second-level cache disabled
2025-04-03T14:00:00.191+09:00  INFO 4084 --- [seat] [           main] o.s.o.j.p.SpringPersistenceUnitInfo      : No LoadTimeWeaver setup: ignoring JPA class transformer
2025-04-03T14:00:00.223+09:00  WARN 4084 --- [seat] [           main] org.hibernate.orm.deprecation            : HHH90000025: H2Dialect does not need to be specified explicitly using 'hibernate.dialect' (remove the property setting and it will be selected by default)
2025-04-03T14:00:00.235+09:00  INFO 4084 --- [seat] [           main] org.hibernate.orm.connections.pooling    : HHH10001005: Database info:
	Database JDBC URL [Connecting through datasource 'org.springframework.jdbc.datasource.embedded.EmbeddedDatabaseFactory$EmbeddedDataSourceProxy@545d772e']
	Database driver: undefined/unknown
	Database version: 2.3.232
	Autocommit mode: undefined/unknown
	Isolation level: undefined/unknown
	Minimum pool size: undefined/unknown
	Maximum pool size: undefined/unknown
2025-04-03T14:00:00.700+09:00  INFO 4084 --- [seat] [           main] o.h.e.t.j.p.i.JtaPlatformInitiator       : HHH000489: No JTA platform available (set 'hibernate.transaction.jta.platform' to enable JTA platform integration)
Hibernate: 
    drop table if exists movie cascade 
Hibernate: 
    drop table if exists movie_seat_map cascade 
Hibernate: 
    drop table if exists reserved cascade 
Hibernate: 
    drop table if exists seat cascade 
Hibernate: 
    create table movie (
        ordinal integer,
        theater_id integer,
        end_date timestamp(6),
        id bigint generated by default as identity,
        start_date timestamp(6),
        name varchar(255),
        primary key (id)
    )
Hibernate: 
    create table movie_seat_map (
        id bigint generated by default as identity,
        movie_id bigint,
        seat_id bigint,
        primary key (id)
    )
Hibernate: 
    create table reserved (
        id bigint generated by default as identity,
        movie_seat_map_id bigint unique,
        username varchar(255),
        primary key (id)
    )
Hibernate: 
    create table seat (
        theater_id integer not null,
        id bigint generated by default as identity,
        name varchar(255) not null,
        primary key (id)
    )
Hibernate: 
    alter table if exists movie_seat_map 
       add constraint FK961ptiy7rw4ehggbimi3oqhgv 
       foreign key (movie_id) 
       references movie
Hibernate: 
    alter table if exists movie_seat_map 
       add constraint FK5mbwmne6t34b964tkr3mh1rt1 
       foreign key (seat_id) 
       references seat
Hibernate: 
    alter table if exists reserved 
       add constraint FKrvvcab1iiv60yfmbgi8cfblhe 
       foreign key (movie_seat_map_id) 
       references movie_seat_map
2025-04-03T14:00:00.731+09:00  INFO 4084 --- [seat] [           main] j.LocalContainerEntityManagerFactoryBean : Initialized JPA EntityManagerFactory for persistence unit 'default'
2025-04-03T14:00:01.129+09:00  INFO 4084 --- [seat] [           main] c.i.t.s.r.r.ReservedRepositoryTest       : Started ReservedRepositoryTest in 1.775 seconds (process running for 7.232)
Hibernate: 
    insert 
    into
        seat
        (name, theater_id, id) 
    values
        (?, ?, default)
Hibernate: 
    insert 
    into
        seat
        (name, theater_id, id) 
    values
        (?, ?, default)
Hibernate: 
    insert 
    into
        movie
        (end_date, name, ordinal, start_date, theater_id, id) 
    values
        (?, ?, ?, ?, ?, default)
Hibernate: 
    insert 
    into
        movie_seat_map
        (movie_id, seat_id, id) 
    values
        (?, ?, default)
Hibernate: 
    insert 
    into
        movie_seat_map
        (movie_id, seat_id, id) 
    values
        (?, ?, default)
Hibernate: 
    insert 
    into
        movie
        (end_date, name, ordinal, start_date, theater_id, id) 
    values
        (?, ?, ?, ?, ?, default)
Hibernate: 
    insert 
    into
        movie_seat_map
        (movie_id, seat_id, id) 
    values
        (?, ?, default)
Hibernate: 
    insert 
    into
        movie_seat_map
        (movie_id, seat_id, id) 
    values
        (?, ?, default)
Hibernate: 
    insert 
    into
        reserved
        (movie_seat_map_id, username, id) 
    values
        (?, ?, default)
Hibernate: 
    insert 
    into
        reserved
        (movie_seat_map_id, username, id) 
    values
        (?, ?, default)
Hibernate: 
    insert 
    into
        reserved
        (movie_seat_map_id, username, id) 
    values
        (?, ?, default)
Hibernate: 
    insert 
    into
        reserved
        (movie_seat_map_id, username, id) 
    values
        (?, ?, default)
Hibernate: 
    select
        r1_0.id,
        r1_0.movie_seat_map_id,
        r1_0.username 
    from
        reserved r1_0 
    where
        r1_0.username=?
Hibernate: 
    delete 
    from
        reserved r1_0
Hibernate: 
    delete 
    from
        movie_seat_map msm1_0
Hibernate: 
    delete 
    from
        movie m1_0
Hibernate: 
    delete 
    from
        seat s1_0
]]></system-out>
  </testcase>
</testsuite>